mode: set
github.com/IBM/portieris/helpers/wildcard/wildcard.go:26.40,28.19 1 0
github.com/IBM/portieris/helpers/wildcard/wildcard.go:33.2,33.25 1 0
github.com/IBM/portieris/helpers/wildcard/wildcard.go:38.2,42.22 2 0
github.com/IBM/portieris/helpers/wildcard/wildcard.go:47.2,54.33 4 0
github.com/IBM/portieris/helpers/wildcard/wildcard.go:75.2,75.68 1 0
github.com/IBM/portieris/helpers/wildcard/wildcard.go:28.19,30.3 1 0
github.com/IBM/portieris/helpers/wildcard/wildcard.go:33.25,35.3 1 0
github.com/IBM/portieris/helpers/wildcard/wildcard.go:42.22,44.3 1 0
github.com/IBM/portieris/helpers/wildcard/wildcard.go:54.33,57.12 2 0
github.com/IBM/portieris/helpers/wildcard/wildcard.go:71.3,71.35 1 0
github.com/IBM/portieris/helpers/wildcard/wildcard.go:59.10,60.39 1 0
github.com/IBM/portieris/helpers/wildcard/wildcard.go:63.11,65.17 1 0
github.com/IBM/portieris/helpers/wildcard/wildcard.go:60.39,62.5 1 0
github.com/IBM/portieris/helpers/wildcard/wildcard.go:65.17,67.5 1 0
github.com/IBM/portieris/helpers/wildcard/wildcard.go:82.46,83.28 1 0
github.com/IBM/portieris/helpers/wildcard/wildcard.go:86.2,86.13 1 0
github.com/IBM/portieris/helpers/wildcard/wildcard.go:83.28,85.3 1 0
github.com/IBM/portieris/helpers/image/image.go:36.62,40.40 3 0
github.com/IBM/portieris/helpers/image/image.go:46.2,47.16 2 0
github.com/IBM/portieris/helpers/image/image.go:52.2,53.20 2 0
github.com/IBM/portieris/helpers/image/image.go:57.2,57.38 1 0
github.com/IBM/portieris/helpers/image/image.go:62.2,63.16 2 0
github.com/IBM/portieris/helpers/image/image.go:68.2,69.35 2 0
github.com/IBM/portieris/helpers/image/image.go:75.2,84.8 2 0
github.com/IBM/portieris/helpers/image/image.go:40.40,44.3 3 0
github.com/IBM/portieris/helpers/image/image.go:47.16,49.3 1 0
github.com/IBM/portieris/helpers/image/image.go:53.20,56.3 1 0
github.com/IBM/portieris/helpers/image/image.go:57.38,60.3 1 0
github.com/IBM/portieris/helpers/image/image.go:63.16,65.3 1 0
github.com/IBM/portieris/helpers/image/image.go:69.35,71.3 1 0
github.com/IBM/portieris/helpers/image/image.go:88.46,90.2 1 0
github.com/IBM/portieris/helpers/image/image.go:93.42,95.2 1 0
github.com/IBM/portieris/helpers/image/image.go:98.43,101.86 3 0
github.com/IBM/portieris/helpers/image/image.go:104.2,104.13 1 0
github.com/IBM/portieris/helpers/image/image.go:101.86,103.3 1 0
github.com/IBM/portieris/helpers/image/image.go:108.49,110.16 2 0
github.com/IBM/portieris/helpers/image/image.go:113.2,113.39 1 0
github.com/IBM/portieris/helpers/image/image.go:110.16,112.3 1 0
github.com/IBM/portieris/helpers/image/image.go:117.53,120.2 1 0
github.com/IBM/portieris/helpers/image/image.go:123.52,124.21 1 0
github.com/IBM/portieris/helpers/image/image.go:127.2,128.32 2 0
github.com/IBM/portieris/helpers/image/image.go:124.21,126.3 1 0
github.com/IBM/portieris/helpers/image/image.go:132.41,134.2 1 0
github.com/IBM/portieris/helpers/image/image.go:137.44,139.2 1 0
github.com/IBM/portieris/helpers/image/image.go:142.46,144.2 1 0
github.com/IBM/portieris/helpers/image/image.go:147.49,149.2 1 0
github.com/IBM/portieris/helpers/image/image.go:152.41,154.2 1 0
github.com/IBM/portieris/pkg/notary/notary.go:43.52,46.16 2 1
github.com/IBM/portieris/pkg/notary/notary.go:49.2,51.8 1 1
github.com/IBM/portieris/pkg/notary/notary.go:46.16,48.3 1 0
github.com/IBM/portieris/pkg/notary/notary.go:55.99,64.2 1 1
github.com/IBM/portieris/pkg/notary/notary.go:66.76,93.2 3 1
github.com/IBM/portieris/pkg/notary/notary.go:95.44,97.27 1 1
github.com/IBM/portieris/pkg/notary/notary.go:102.2,102.12 1 1
github.com/IBM/portieris/pkg/notary/notary.go:97.27,98.53 1 1
github.com/IBM/portieris/pkg/notary/notary.go:98.53,100.4 1 0
github.com/IBM/portieris/pkg/notary/notary.go:105.35,107.16 2 1
github.com/IBM/portieris/pkg/notary/notary.go:112.2,112.13 1 0
github.com/IBM/portieris/pkg/notary/notary.go:107.16,108.25 1 1
github.com/IBM/portieris/pkg/notary/notary.go:108.25,110.4 1 1
github.com/IBM/portieris/pkg/apis/securityenforcement/v1beta1/register.go:28.41,30.2 1 0
github.com/IBM/portieris/pkg/apis/securityenforcement/v1beta1/register.go:33.53,35.2 1 0
github.com/IBM/portieris/pkg/apis/securityenforcement/v1beta1/register.go:43.50,52.2 3 0
github.com/IBM/portieris/pkg/apis/securityenforcement/v1beta1/types.go:32.38,34.2 1 1
github.com/IBM/portieris/pkg/apis/securityenforcement/v1beta1/types.go:117.66,124.33 3 1
github.com/IBM/portieris/pkg/apis/securityenforcement/v1beta1/types.go:156.2,156.27 1 1
github.com/IBM/portieris/pkg/apis/securityenforcement/v1beta1/types.go:159.2,159.12 1 1
github.com/IBM/portieris/pkg/apis/securityenforcement/v1beta1/types.go:124.33,127.47 1 1
github.com/IBM/portieris/pkg/apis/securityenforcement/v1beta1/types.go:127.47,137.47 5 1
github.com/IBM/portieris/pkg/apis/securityenforcement/v1beta1/types.go:149.4,149.56 1 1
github.com/IBM/portieris/pkg/apis/securityenforcement/v1beta1/types.go:137.47,141.16 3 1
github.com/IBM/portieris/pkg/apis/securityenforcement/v1beta1/types.go:142.10,143.54 1 1
github.com/IBM/portieris/pkg/apis/securityenforcement/v1beta1/types.go:143.54,146.6 2 1
github.com/IBM/portieris/pkg/apis/securityenforcement/v1beta1/types.go:149.56,153.5 2 1
github.com/IBM/portieris/pkg/apis/securityenforcement/v1beta1/types.go:156.27,158.3 1 1
github.com/IBM/portieris/pkg/apis/securityenforcement/v1beta1/types.go:165.80,172.33 3 1
github.com/IBM/portieris/pkg/apis/securityenforcement/v1beta1/types.go:204.2,204.27 1 1
github.com/IBM/portieris/pkg/apis/securityenforcement/v1beta1/types.go:207.2,207.12 1 1
github.com/IBM/portieris/pkg/apis/securityenforcement/v1beta1/types.go:172.33,175.47 1 1
github.com/IBM/portieris/pkg/apis/securityenforcement/v1beta1/types.go:175.47,185.47 5 1
github.com/IBM/portieris/pkg/apis/securityenforcement/v1beta1/types.go:197.4,197.56 1 1
github.com/IBM/portieris/pkg/apis/securityenforcement/v1beta1/types.go:185.47,189.16 3 1
github.com/IBM/portieris/pkg/apis/securityenforcement/v1beta1/types.go:190.10,191.54 1 1
github.com/IBM/portieris/pkg/apis/securityenforcement/v1beta1/types.go:191.54,194.6 2 1
github.com/IBM/portieris/pkg/apis/securityenforcement/v1beta1/types.go:197.56,201.5 2 1
github.com/IBM/portieris/pkg/apis/securityenforcement/v1beta1/types.go:204.27,206.3 1 1
github.com/IBM/portieris/pkg/apis/securityenforcement/v1beta1/zz_generated.deepcopy.go:28.69,34.2 5 0
github.com/IBM/portieris/pkg/apis/securityenforcement/v1beta1/zz_generated.deepcopy.go:37.62,38.15 1 0
github.com/IBM/portieris/pkg/apis/securityenforcement/v1beta1/zz_generated.deepcopy.go:41.2,43.12 3 0
github.com/IBM/portieris/pkg/apis/securityenforcement/v1beta1/zz_generated.deepcopy.go:38.15,40.3 1 0
github.com/IBM/portieris/pkg/apis/securityenforcement/v1beta1/zz_generated.deepcopy.go:47.63,48.34 1 0
github.com/IBM/portieris/pkg/apis/securityenforcement/v1beta1/zz_generated.deepcopy.go:51.2,51.12 1 0
github.com/IBM/portieris/pkg/apis/securityenforcement/v1beta1/zz_generated.deepcopy.go:48.34,50.3 1 0
github.com/IBM/portieris/pkg/apis/securityenforcement/v1beta1/zz_generated.deepcopy.go:55.77,59.21 4 0
github.com/IBM/portieris/pkg/apis/securityenforcement/v1beta1/zz_generated.deepcopy.go:66.2,66.8 1 0
github.com/IBM/portieris/pkg/apis/securityenforcement/v1beta1/zz_generated.deepcopy.go:59.21,62.22 3 0
github.com/IBM/portieris/pkg/apis/securityenforcement/v1beta1/zz_generated.deepcopy.go:62.22,64.4 1 0
github.com/IBM/portieris/pkg/apis/securityenforcement/v1beta1/zz_generated.deepcopy.go:70.70,71.15 1 0
github.com/IBM/portieris/pkg/apis/securityenforcement/v1beta1/zz_generated.deepcopy.go:74.2,76.12 3 0
github.com/IBM/portieris/pkg/apis/securityenforcement/v1beta1/zz_generated.deepcopy.go:71.15,73.3 1 0
github.com/IBM/portieris/pkg/apis/securityenforcement/v1beta1/zz_generated.deepcopy.go:80.67,81.34 1 0
github.com/IBM/portieris/pkg/apis/securityenforcement/v1beta1/zz_generated.deepcopy.go:84.2,84.12 1 0
github.com/IBM/portieris/pkg/apis/securityenforcement/v1beta1/zz_generated.deepcopy.go:81.34,83.3 1 0
github.com/IBM/portieris/pkg/apis/securityenforcement/v1beta1/zz_generated.deepcopy.go:88.55,94.2 5 0
github.com/IBM/portieris/pkg/apis/securityenforcement/v1beta1/zz_generated.deepcopy.go:97.48,98.15 1 0
github.com/IBM/portieris/pkg/apis/securityenforcement/v1beta1/zz_generated.deepcopy.go:101.2,103.12 3 0
github.com/IBM/portieris/pkg/apis/securityenforcement/v1beta1/zz_generated.deepcopy.go:98.15,100.3 1 0
github.com/IBM/portieris/pkg/apis/securityenforcement/v1beta1/zz_generated.deepcopy.go:107.56,108.34 1 0
github.com/IBM/portieris/pkg/apis/securityenforcement/v1beta1/zz_generated.deepcopy.go:111.2,111.12 1 0
github.com/IBM/portieris/pkg/apis/securityenforcement/v1beta1/zz_generated.deepcopy.go:108.34,110.3 1 0
github.com/IBM/portieris/pkg/apis/securityenforcement/v1beta1/zz_generated.deepcopy.go:115.63,119.21 4 0
github.com/IBM/portieris/pkg/apis/securityenforcement/v1beta1/zz_generated.deepcopy.go:126.2,126.8 1 0
github.com/IBM/portieris/pkg/apis/securityenforcement/v1beta1/zz_generated.deepcopy.go:119.21,122.22 3 0
github.com/IBM/portieris/pkg/apis/securityenforcement/v1beta1/zz_generated.deepcopy.go:122.22,124.4 1 0
github.com/IBM/portieris/pkg/apis/securityenforcement/v1beta1/zz_generated.deepcopy.go:130.56,131.15 1 0
github.com/IBM/portieris/pkg/apis/securityenforcement/v1beta1/zz_generated.deepcopy.go:134.2,136.12 3 0
github.com/IBM/portieris/pkg/apis/securityenforcement/v1beta1/zz_generated.deepcopy.go:131.15,133.3 1 0
github.com/IBM/portieris/pkg/apis/securityenforcement/v1beta1/zz_generated.deepcopy.go:140.60,141.34 1 0
github.com/IBM/portieris/pkg/apis/securityenforcement/v1beta1/zz_generated.deepcopy.go:144.2,144.12 1 0
github.com/IBM/portieris/pkg/apis/securityenforcement/v1beta1/zz_generated.deepcopy.go:141.34,143.3 1 0
github.com/IBM/portieris/pkg/apis/securityenforcement/v1beta1/zz_generated.deepcopy.go:148.45,153.2 4 0
github.com/IBM/portieris/pkg/apis/securityenforcement/v1beta1/zz_generated.deepcopy.go:156.38,157.15 1 0
github.com/IBM/portieris/pkg/apis/securityenforcement/v1beta1/zz_generated.deepcopy.go:160.2,162.12 3 0
github.com/IBM/portieris/pkg/apis/securityenforcement/v1beta1/zz_generated.deepcopy.go:157.15,159.3 1 0
github.com/IBM/portieris/pkg/apis/securityenforcement/v1beta1/zz_generated.deepcopy.go:166.53,168.28 2 0
github.com/IBM/portieris/pkg/apis/securityenforcement/v1beta1/zz_generated.deepcopy.go:175.2,175.8 1 0
github.com/IBM/portieris/pkg/apis/securityenforcement/v1beta1/zz_generated.deepcopy.go:168.28,171.22 3 0
github.com/IBM/portieris/pkg/apis/securityenforcement/v1beta1/zz_generated.deepcopy.go:171.22,173.4 1 0
github.com/IBM/portieris/pkg/apis/securityenforcement/v1beta1/zz_generated.deepcopy.go:179.46,180.15 1 0
github.com/IBM/portieris/pkg/apis/securityenforcement/v1beta1/zz_generated.deepcopy.go:183.2,185.12 3 0
github.com/IBM/portieris/pkg/apis/securityenforcement/v1beta1/zz_generated.deepcopy.go:180.15,182.3 1 0
github.com/IBM/portieris/pkg/apis/securityenforcement/v1beta1/zz_generated.deepcopy.go:189.53,193.2 3 0
github.com/IBM/portieris/pkg/apis/securityenforcement/v1beta1/zz_generated.deepcopy.go:196.46,197.15 1 0
github.com/IBM/portieris/pkg/apis/securityenforcement/v1beta1/zz_generated.deepcopy.go:200.2,202.12 3 0
github.com/IBM/portieris/pkg/apis/securityenforcement/v1beta1/zz_generated.deepcopy.go:197.15,199.3 1 0
github.com/IBM/portieris/pkg/apis/securityenforcement/v1beta1/zz_generated.deepcopy.go:206.45,209.2 2 0
github.com/IBM/portieris/pkg/apis/securityenforcement/v1beta1/zz_generated.deepcopy.go:212.38,213.15 1 0
github.com/IBM/portieris/pkg/apis/securityenforcement/v1beta1/zz_generated.deepcopy.go:216.2,218.12 3 0
github.com/IBM/portieris/pkg/apis/securityenforcement/v1beta1/zz_generated.deepcopy.go:213.15,215.3 1 0
github.com/IBM/portieris/pkg/apis/securityenforcement/v1beta1/zz_generated.deepcopy.go:222.43,224.23 2 0
github.com/IBM/portieris/pkg/apis/securityenforcement/v1beta1/zz_generated.deepcopy.go:233.2,233.29 1 0
github.com/IBM/portieris/pkg/apis/securityenforcement/v1beta1/zz_generated.deepcopy.go:238.2,238.8 1 0
github.com/IBM/portieris/pkg/apis/securityenforcement/v1beta1/zz_generated.deepcopy.go:224.23,226.17 2 0
github.com/IBM/portieris/pkg/apis/securityenforcement/v1beta1/zz_generated.deepcopy.go:226.17,228.4 1 0
github.com/IBM/portieris/pkg/apis/securityenforcement/v1beta1/zz_generated.deepcopy.go:228.9,231.4 2 0
github.com/IBM/portieris/pkg/apis/securityenforcement/v1beta1/zz_generated.deepcopy.go:233.29,237.3 3 0
github.com/IBM/portieris/pkg/apis/securityenforcement/v1beta1/zz_generated.deepcopy.go:242.36,243.15 1 0
github.com/IBM/portieris/pkg/apis/securityenforcement/v1beta1/zz_generated.deepcopy.go:246.2,248.12 3 0
github.com/IBM/portieris/pkg/apis/securityenforcement/v1beta1/zz_generated.deepcopy.go:243.15,245.3 1 0
github.com/IBM/portieris/pkg/apis/securityenforcement/v1beta1/zz_generated.deepcopy.go:252.37,254.23 2 0
github.com/IBM/portieris/pkg/apis/securityenforcement/v1beta1/zz_generated.deepcopy.go:263.2,263.8 1 0
github.com/IBM/portieris/pkg/apis/securityenforcement/v1beta1/zz_generated.deepcopy.go:254.23,256.17 2 0
github.com/IBM/portieris/pkg/apis/securityenforcement/v1beta1/zz_generated.deepcopy.go:256.17,258.4 1 0
github.com/IBM/portieris/pkg/apis/securityenforcement/v1beta1/zz_generated.deepcopy.go:258.9,261.4 2 0
github.com/IBM/portieris/pkg/apis/securityenforcement/v1beta1/zz_generated.deepcopy.go:267.30,268.15 1 0
github.com/IBM/portieris/pkg/apis/securityenforcement/v1beta1/zz_generated.deepcopy.go:271.2,273.12 3 0
github.com/IBM/portieris/pkg/apis/securityenforcement/v1beta1/zz_generated.deepcopy.go:268.15,270.3 1 0
github.com/IBM/portieris/pkg/webhook/webhook.go:46.82,54.2 1 0
github.com/IBM/portieris/pkg/webhook/webhook.go:56.81,64.79 6 1
github.com/IBM/portieris/pkg/webhook/webhook.go:69.2,69.36 1 1
github.com/IBM/portieris/pkg/webhook/webhook.go:74.2,75.67 2 1
github.com/IBM/portieris/pkg/webhook/webhook.go:64.79,68.3 3 0
github.com/IBM/portieris/pkg/webhook/webhook.go:69.36,73.3 3 1
github.com/IBM/portieris/pkg/webhook/webhook.go:78.24,86.16 3 0
github.com/IBM/portieris/pkg/webhook/webhook.go:89.2,105.34 6 0
github.com/IBM/portieris/pkg/webhook/webhook.go:86.16,87.54 1 0
github.com/IBM/portieris/pkg/webhook/webhook.go:108.139,110.30 2 1
github.com/IBM/portieris/pkg/webhook/webhook.go:120.2,121.16 2 1
github.com/IBM/portieris/pkg/webhook/webhook.go:127.2,127.13 1 1
github.com/IBM/portieris/pkg/webhook/webhook.go:110.30,112.37 2 1
github.com/IBM/portieris/pkg/webhook/webhook.go:112.37,117.4 3 1
github.com/IBM/portieris/pkg/webhook/webhook.go:121.16,126.3 4 0
github.com/IBM/portieris/pkg/webhook/responder.go:33.65,34.33 1 1
github.com/IBM/portieris/pkg/webhook/responder.go:46.2,51.3 1 1
github.com/IBM/portieris/pkg/webhook/responder.go:34.33,39.23 2 1
github.com/IBM/portieris/pkg/webhook/responder.go:44.3,44.13 1 1
github.com/IBM/portieris/pkg/webhook/responder.go:39.23,43.4 3 1
github.com/IBM/portieris/pkg/webhook/responder.go:54.47,56.2 1 1
github.com/IBM/portieris/pkg/webhook/responder.go:58.43,60.2 1 1
github.com/IBM/portieris/pkg/webhook/responder.go:62.47,64.2 1 0
github.com/IBM/portieris/pkg/webhook/responder.go:66.53,68.2 1 1
github.com/IBM/portieris/pkg/webhook/responder.go:70.87,72.41 2 1
github.com/IBM/portieris/pkg/webhook/responder.go:72.41,74.3 1 0
github.com/IBM/portieris/pkg/webhook/responder.go:77.61,80.2 2 1
github.com/IBM/portieris/pkg/webhook/responder.go:82.68,84.2 1 0
github.com/IBM/portieris/pkg/policy/policy.go:37.80,41.2 1 1
github.com/IBM/portieris/pkg/policy/policy.go:44.108,46.16 2 1
github.com/IBM/portieris/pkg/policy/policy.go:49.2,49.22 1 1
github.com/IBM/portieris/pkg/policy/policy.go:46.16,48.3 1 0
github.com/IBM/portieris/pkg/policy/policy.go:53.106,55.16 2 1
github.com/IBM/portieris/pkg/policy/policy.go:58.2,58.22 1 1
github.com/IBM/portieris/pkg/policy/policy.go:55.16,57.3 1 0
github.com/IBM/portieris/pkg/policy/policy.go:62.106,64.16 2 1
github.com/IBM/portieris/pkg/policy/policy.go:68.2,68.35 1 1
github.com/IBM/portieris/pkg/policy/policy.go:91.2,93.19 2 1
github.com/IBM/portieris/pkg/policy/policy.go:97.2,97.20 1 1
github.com/IBM/portieris/pkg/policy/policy.go:64.16,66.3 1 0
github.com/IBM/portieris/pkg/policy/policy.go:68.35,71.17 2 1
github.com/IBM/portieris/pkg/policy/policy.go:75.3,75.43 1 1
github.com/IBM/portieris/pkg/policy/policy.go:81.3,82.27 2 1
github.com/IBM/portieris/pkg/policy/policy.go:86.3,86.28 1 1
github.com/IBM/portieris/pkg/policy/policy.go:71.17,73.4 1 0
github.com/IBM/portieris/pkg/policy/policy.go:75.43,78.4 1 1
github.com/IBM/portieris/pkg/policy/policy.go:82.27,85.4 1 1
github.com/IBM/portieris/pkg/policy/policy.go:93.19,96.3 1 1
github.com/IBM/portieris/pkg/controller/notary/controller.go:40.157,47.2 1 1
github.com/IBM/portieris/pkg/controller/notary/controller.go:49.117,53.13 3 1
github.com/IBM/portieris/pkg/controller/notary/controller.go:65.2,65.74 1 1
github.com/IBM/portieris/pkg/controller/notary/controller.go:54.11,55.8 1 1
github.com/IBM/portieris/pkg/controller/notary/controller.go:56.75,59.4 1 1
github.com/IBM/portieris/pkg/controller/notary/controller.go:60.10,63.19 3 1
github.com/IBM/portieris/pkg/controller/notary/controller.go:67.120,73.56 3 1
github.com/IBM/portieris/pkg/controller/notary/controller.go:170.2,170.19 1 1
github.com/IBM/portieris/pkg/controller/notary/controller.go:175.2,175.22 1 1
github.com/IBM/portieris/pkg/controller/notary/controller.go:186.2,186.18 1 1
github.com/IBM/portieris/pkg/controller/notary/controller.go:73.56,76.17 3 1
github.com/IBM/portieris/pkg/controller/notary/controller.go:81.3,86.91 5 1
github.com/IBM/portieris/pkg/controller/notary/controller.go:95.3,98.24 2 1
github.com/IBM/portieris/pkg/controller/notary/controller.go:104.3,105.37 2 1
github.com/IBM/portieris/pkg/controller/notary/controller.go:110.2,111.47 1 1
github.com/IBM/portieris/pkg/controller/notary/controller.go:165.3,165.21 1 1
github.com/IBM/portieris/pkg/controller/notary/controller.go:76.17,79.26 3 1
github.com/IBM/portieris/pkg/controller/notary/controller.go:86.91,88.26 2 1
github.com/IBM/portieris/pkg/controller/notary/controller.go:89.9,89.94 1 1
github.com/IBM/portieris/pkg/controller/notary/controller.go:89.94,91.26 2 1
github.com/IBM/portieris/pkg/controller/notary/controller.go:98.24,100.4 1 0
github.com/IBM/portieris/pkg/controller/notary/controller.go:105.37,107.26 2 1
github.com/IBM/portieris/pkg/controller/notary/controller.go:111.47,113.18 2 1
github.com/IBM/portieris/pkg/controller/notary/controller.go:118.4,119.18 2 1
github.com/IBM/portieris/pkg/controller/notary/controller.go:124.4,125.41 2 0
github.com/IBM/portieris/pkg/controller/notary/controller.go:138.4,141.18 4 0
github.com/IBM/portieris/pkg/controller/notary/controller.go:153.4,154.55 2 0
github.com/IBM/portieris/pkg/controller/notary/controller.go:162.4,163.20 2 0
github.com/IBM/portieris/pkg/controller/notary/controller.go:113.18,115.24 2 1
github.com/IBM/portieris/pkg/controller/notary/controller.go:119.18,121.24 2 1
github.com/IBM/portieris/pkg/controller/notary/controller.go:125.41,128.59 2 0
github.com/IBM/portieris/pkg/controller/notary/controller.go:128.59,130.20 2 0
github.com/IBM/portieris/pkg/controller/notary/controller.go:130.20,132.29 2 0
github.com/IBM/portieris/pkg/controller/notary/controller.go:141.18,142.45 1 0
github.com/IBM/portieris/pkg/controller/notary/controller.go:145.5,146.54 2 0
github.com/IBM/portieris/pkg/controller/notary/controller.go:150.5,151.27 2 0
github.com/IBM/portieris/pkg/controller/notary/controller.go:142.45,143.25 1 0
github.com/IBM/portieris/pkg/controller/notary/controller.go:146.54,149.6 2 0
github.com/IBM/portieris/pkg/controller/notary/controller.go:154.55,161.5 2 0
github.com/IBM/portieris/pkg/controller/notary/controller.go:165.21,167.4 1 1
github.com/IBM/portieris/pkg/controller/notary/controller.go:170.19,172.3 1 1
github.com/IBM/portieris/pkg/controller/notary/controller.go:175.22,177.17 2 0
github.com/IBM/portieris/pkg/controller/notary/controller.go:181.3,183.24 3 0
github.com/IBM/portieris/pkg/controller/notary/controller.go:177.17,180.4 2 0
github.com/IBM/portieris/pkg/controller/notary/trust.go:43.120,45.16 2 0
github.com/IBM/portieris/pkg/controller/notary/trust.go:49.2,50.30 2 0
github.com/IBM/portieris/pkg/controller/notary/trust.go:53.2,56.32 3 0
github.com/IBM/portieris/pkg/controller/notary/trust.go:62.2,63.16 2 0
github.com/IBM/portieris/pkg/controller/notary/trust.go:68.2,68.23 1 0
github.com/IBM/portieris/pkg/controller/notary/trust.go:72.2,76.33 2 0
github.com/IBM/portieris/pkg/controller/notary/trust.go:82.2,82.24 1 0
github.com/IBM/portieris/pkg/controller/notary/trust.go:120.2,120.63 1 0
github.com/IBM/portieris/pkg/controller/notary/trust.go:45.16,47.3 1 0
github.com/IBM/portieris/pkg/controller/notary/trust.go:50.30,52.3 1 0
github.com/IBM/portieris/pkg/controller/notary/trust.go:56.32,60.3 1 0
github.com/IBM/portieris/pkg/controller/notary/trust.go:63.16,66.3 2 0
github.com/IBM/portieris/pkg/controller/notary/trust.go:68.23,70.3 1 0
github.com/IBM/portieris/pkg/controller/notary/trust.go:76.33,77.88 1 0
github.com/IBM/portieris/pkg/controller/notary/trust.go:77.88,79.4 1 0
github.com/IBM/portieris/pkg/controller/notary/trust.go:82.24,84.3 1 0
github.com/IBM/portieris/pkg/controller/notary/trust.go:84.8,85.34 1 0
github.com/IBM/portieris/pkg/controller/notary/trust.go:113.3,113.42 1 0
github.com/IBM/portieris/pkg/controller/notary/trust.go:85.34,87.59 1 0
github.com/IBM/portieris/pkg/controller/notary/trust.go:87.59,88.36 1 0
github.com/IBM/portieris/pkg/controller/notary/trust.go:106.5,106.61 1 0
github.com/IBM/portieris/pkg/controller/notary/trust.go:88.36,91.20 2 0
github.com/IBM/portieris/pkg/controller/notary/trust.go:94.6,94.69 1 0
github.com/IBM/portieris/pkg/controller/notary/trust.go:99.6,99.23 1 0
github.com/IBM/portieris/pkg/controller/notary/trust.go:91.20,93.7 1 0
github.com/IBM/portieris/pkg/controller/notary/trust.go:94.69,97.7 2 0
github.com/IBM/portieris/pkg/controller/notary/trust.go:100.11,103.6 2 0
github.com/IBM/portieris/pkg/controller/notary/trust.go:106.61,108.6 1 0
github.com/IBM/portieris/pkg/controller/notary/trust.go:113.42,114.19 1 0
github.com/IBM/portieris/pkg/controller/notary/trust.go:114.19,116.5 1 0
github.com/IBM/portieris/pkg/controller/notary/trust.go:124.90,128.16 2 0
github.com/IBM/portieris/pkg/controller/notary/trust.go:134.2,137.37 3 0
github.com/IBM/portieris/pkg/controller/notary/trust.go:141.2,141.58 1 0
github.com/IBM/portieris/pkg/controller/notary/trust.go:128.16,131.3 2 0
github.com/IBM/portieris/pkg/controller/notary/trust.go:137.37,139.3 1 0
github.com/IBM/portieris/pkg/kubernetes/podspec.go:45.93,49.21 3 1
github.com/IBM/portieris/pkg/kubernetes/podspec.go:152.2,152.33 1 1
github.com/IBM/portieris/pkg/kubernetes/podspec.go:50.79,52.61 2 1
github.com/IBM/portieris/pkg/kubernetes/podspec.go:55.3,56.31 2 1
github.com/IBM/portieris/pkg/kubernetes/podspec.go:57.97,59.60 2 1
github.com/IBM/portieris/pkg/kubernetes/podspec.go:62.3,62.63 1 1
github.com/IBM/portieris/pkg/kubernetes/podspec.go:65.3,67.36 3 1
github.com/IBM/portieris/pkg/kubernetes/podspec.go:68.101,70.64 2 1
github.com/IBM/portieris/pkg/kubernetes/podspec.go:73.3,73.71 1 1
github.com/IBM/portieris/pkg/kubernetes/podspec.go:76.3,78.36 3 1
github.com/IBM/portieris/pkg/kubernetes/podspec.go:79.90,81.64 2 1
github.com/IBM/portieris/pkg/kubernetes/podspec.go:84.3,84.71 1 1
github.com/IBM/portieris/pkg/kubernetes/podspec.go:87.3,89.36 3 1
github.com/IBM/portieris/pkg/kubernetes/podspec.go:90.90,92.60 2 1
github.com/IBM/portieris/pkg/kubernetes/podspec.go:95.3,95.63 1 1
github.com/IBM/portieris/pkg/kubernetes/podspec.go:98.3,100.36 3 1
github.com/IBM/portieris/pkg/kubernetes/podspec.go:101.101,103.60 2 1
github.com/IBM/portieris/pkg/kubernetes/podspec.go:106.3,106.63 1 1
github.com/IBM/portieris/pkg/kubernetes/podspec.go:109.3,111.36 3 1
github.com/IBM/portieris/pkg/kubernetes/podspec.go:112.89,114.60 2 1
github.com/IBM/portieris/pkg/kubernetes/podspec.go:117.3,119.36 3 1
github.com/IBM/portieris/pkg/kubernetes/podspec.go:120.91,122.61 2 1
github.com/IBM/portieris/pkg/kubernetes/podspec.go:125.3,125.65 1 1
github.com/IBM/portieris/pkg/kubernetes/podspec.go:128.3,130.36 3 1
github.com/IBM/portieris/pkg/kubernetes/podspec.go:131.84,133.61 2 1
github.com/IBM/portieris/pkg/kubernetes/podspec.go:136.3,138.36 3 1
github.com/IBM/portieris/pkg/kubernetes/podspec.go:139.93,141.61 2 1
github.com/IBM/portieris/pkg/kubernetes/podspec.go:144.3,146.35 3 1
github.com/IBM/portieris/pkg/kubernetes/podspec.go:147.10,149.254 2 1
github.com/IBM/portieris/pkg/kubernetes/podspec.go:52.61,54.4 1 1
github.com/IBM/portieris/pkg/kubernetes/podspec.go:59.60,61.4 1 1
github.com/IBM/portieris/pkg/kubernetes/podspec.go:62.63,64.4 1 1
github.com/IBM/portieris/pkg/kubernetes/podspec.go:70.64,72.4 1 1
github.com/IBM/portieris/pkg/kubernetes/podspec.go:73.71,75.4 1 1
github.com/IBM/portieris/pkg/kubernetes/podspec.go:81.64,83.4 1 1
github.com/IBM/portieris/pkg/kubernetes/podspec.go:84.71,86.4 1 1
github.com/IBM/portieris/pkg/kubernetes/podspec.go:92.60,94.4 1 1
github.com/IBM/portieris/pkg/kubernetes/podspec.go:95.63,97.4 1 1
github.com/IBM/portieris/pkg/kubernetes/podspec.go:103.60,105.4 1 1
github.com/IBM/portieris/pkg/kubernetes/podspec.go:106.63,108.4 1 1
github.com/IBM/portieris/pkg/kubernetes/podspec.go:114.60,116.4 1 1
github.com/IBM/portieris/pkg/kubernetes/podspec.go:122.61,124.4 1 1
github.com/IBM/portieris/pkg/kubernetes/podspec.go:125.65,127.4 1 1
github.com/IBM/portieris/pkg/kubernetes/podspec.go:133.61,135.4 1 1
github.com/IBM/portieris/pkg/kubernetes/podspec.go:141.61,143.4 1 1
github.com/IBM/portieris/pkg/kubernetes/podspec.go:155.65,157.68 2 1
github.com/IBM/portieris/pkg/kubernetes/podspec.go:160.2,160.43 1 1
github.com/IBM/portieris/pkg/kubernetes/podspec.go:163.2,163.12 1 1
github.com/IBM/portieris/pkg/kubernetes/podspec.go:157.68,159.3 1 1
github.com/IBM/portieris/pkg/kubernetes/podspec.go:160.43,162.3 1 1
github.com/IBM/portieris/pkg/kubernetes/podspec.go:166.69,167.60 1 1
github.com/IBM/portieris/pkg/kubernetes/podspec.go:172.2,173.33 2 1
github.com/IBM/portieris/pkg/kubernetes/podspec.go:176.2,177.16 2 1
github.com/IBM/portieris/pkg/kubernetes/podspec.go:180.2,181.12 2 1
github.com/IBM/portieris/pkg/kubernetes/podspec.go:167.60,170.3 1 1
github.com/IBM/portieris/pkg/kubernetes/podspec.go:173.33,175.3 1 1
github.com/IBM/portieris/pkg/kubernetes/podspec.go:177.16,179.3 1 1
github.com/IBM/portieris/pkg/kubernetes/secret.go:39.90,45.16 3 1
github.com/IBM/portieris/pkg/kubernetes/secret.go:51.2,52.60 2 1
github.com/IBM/portieris/pkg/kubernetes/secret.go:69.2,70.43 2 1
github.com/IBM/portieris/pkg/kubernetes/secret.go:76.2,76.19 1 1
github.com/IBM/portieris/pkg/kubernetes/secret.go:45.16,48.3 2 1
github.com/IBM/portieris/pkg/kubernetes/secret.go:52.60,53.60 1 1
github.com/IBM/portieris/pkg/kubernetes/secret.go:53.60,56.4 2 1
github.com/IBM/portieris/pkg/kubernetes/secret.go:57.8,57.63 1 1
github.com/IBM/portieris/pkg/kubernetes/secret.go:57.63,59.68 2 1
github.com/IBM/portieris/pkg/kubernetes/secret.go:63.3,63.32 1 1
github.com/IBM/portieris/pkg/kubernetes/secret.go:59.68,62.4 2 1
github.com/IBM/portieris/pkg/kubernetes/secret.go:64.8,66.3 1 1
github.com/IBM/portieris/pkg/kubernetes/secret.go:70.43,72.3 1 1
github.com/IBM/portieris/pkg/kubernetes/secret.go:72.8,74.3 1 1
github.com/IBM/portieris/pkg/kubernetes/wrapper.go:39.75,41.2 1 1
